# JRE version: OpenJDK Runtime Environment (8.0_152-b01) (build 1.8.0_152-release-1248-b01)
# Java VM: OpenJDK 64-Bit Server VM (25.152-b01 mixed mode windows-amd64 compressed oops)
Heap:
 PSYoungGen      total 193024K, used 3346K [0x00000000e0000000, 0x00000000ece80000, 0x0000000100000000)
  eden space 176640K, 1% used [0x00000000e0000000,0x00000000e0344b60,0x00000000eac80000)
  from space 16384K, 0% used [0x00000000ebe00000,0x00000000ebe00000,0x00000000ece00000)
  to   space 17408K, 0% used [0x00000000eac80000,0x00000000eac80000,0x00000000ebd80000)
 ParOldGen       total 95232K, used 36778K [0x00000000a0000000, 0x00000000a5d00000, 0x00000000e0000000)
  object space 95232K, 38% used [0x00000000a0000000,0x00000000a23eaa60,0x00000000a5d00000)
 Metaspace       used 57787K, capacity 59196K, committed 59416K, reserved 1099776K
  class space    used 7728K, capacity 8160K, committed 8216K, reserved 1048576K
GC Heap History (10 events):
Event: 15.850 GC heap before
{Heap before GC invocations=11 (full 1):
 PSYoungGen      total 135680K, used 32574K [0x00000000e0000000, 0x00000000e9d00000, 0x0000000100000000)
  eden space 125952K, 18% used [0x00000000e0000000,0x00000000e1652168,0x00000000e7b00000)
  from space 9728K, 99% used [0x00000000e7b00000,0x00000000e847d980,0x00000000e8480000)
  to   space 12800K, 0% used [0x00000000e9080000,0x00000000e9080000,0x00000000e9d00000)
 ParOldGen       total 37376K, used 14370K [0x00000000a0000000, 0x00000000a2480000, 0x00000000e0000000)
  object space 37376K, 38% used [0x00000000a0000000,0x00000000a0e08a08,0x00000000a2480000)
 Metaspace       used 34863K, capacity 35478K, committed 35496K, reserved 1079296K
  class space    used 4793K, capacity 5027K, committed 5032K, reserved 1048576K
Event: 15.867 GC heap after
Heap after GC invocations=11 (full 1):
 PSYoungGen      total 147968K, used 7809K [0x00000000e0000000, 0x00000000ec080000, 0x0000000100000000)
  eden space 135168K, 0% used [0x00000000e0000000,0x00000000e0000000,0x00000000e8400000)
  from space 12800K, 61% used [0x00000000e9080000,0x00000000e9820410,0x00000000e9d00000)
  to   space 12800K, 0% used [0x00000000e8400000,0x00000000e8400000,0x00000000e9080000)
 ParOldGen       total 37376K, used 16858K [0x00000000a0000000, 0x00000000a2480000, 0x00000000e0000000)
  object space 37376K, 45% used [0x00000000a0000000,0x00000000a1076a18,0x00000000a2480000)
 Metaspace       used 34863K, capacity 35478K, committed 35496K, reserved 1079296K
  class space    used 4793K, capacity 5027K, committed 5032K, reserved 1048576K
}
Event: 15.867 GC heap before
{Heap before GC invocations=12 (full 2):
 PSYoungGen      total 147968K, used 7809K [0x00000000e0000000, 0x00000000ec080000, 0x0000000100000000)
  eden space 135168K, 0% used [0x00000000e0000000,0x00000000e0000000,0x00000000e8400000)
  from space 12800K, 61% used [0x00000000e9080000,0x00000000e9820410,0x00000000e9d00000)
  to   space 12800K, 0% used [0x00000000e8400000,0x00000000e8400000,0x00000000e9080000)
 ParOldGen       total 37376K, used 16858K [0x00000000a0000000, 0x00000000a2480000, 0x00000000e0000000)
  object space 37376K, 45% used [0x00000000a0000000,0x00000000a1076a18,0x00000000a2480000)
 Metaspace       used 34863K, capacity 35478K, committed 35496K, reserved 1079296K
  class space    used 4793K, capacity 5027K, committed 5032K, reserved 1048576K
Event: 15.960 GC heap after
Heap after GC invocations=12 (full 2):
 PSYoungGen      total 147968K, used 0K [0x00000000e0000000, 0x00000000ec080000, 0x0000000100000000)
  eden space 135168K, 0% used [0x00000000e0000000,0x00000000e0000000,0x00000000e8400000)
  from space 12800K, 0% used [0x00000000e9080000,0x00000000e9080000,0x00000000e9d00000)
  to   space 12800K, 0% used [0x00000000e8400000,0x00000000e8400000,0x00000000e9080000)
 ParOldGen       total 58368K, used 17979K [0x00000000a0000000, 0x00000000a3900000, 0x00000000e0000000)
  object space 58368K, 30% used [0x00000000a0000000,0x00000000a118ecf8,0x00000000a3900000)
 Metaspace       used 34829K, capacity 35436K, committed 35496K, reserved 1079296K
  class space    used 4781K, capacity 5013K, committed 5032K, reserved 1048576K
}
Event: 19.589 GC heap before
{Heap before GC invocations=13 (full 2):
 PSYoungGen      total 147968K, used 135168K [0x00000000e0000000, 0x00000000ec080000, 0x0000000100000000)
  eden space 135168K, 100% used [0x00000000e0000000,0x00000000e8400000,0x00000000e8400000)
  from space 12800K, 0% used [0x00000000e9080000,0x00000000e9080000,0x00000000e9d00000)
  to   space 12800K, 0% used [0x00000000e8400000,0x00000000e8400000,0x00000000e9080000)
 ParOldGen       total 58368K, used 17979K [0x00000000a0000000, 0x00000000a3900000, 0x00000000e0000000)
  object space 58368K, 30% used [0x00000000a0000000,0x00000000a118ecf8,0x00000000a3900000)
 Metaspace       used 47890K, capacity 48892K, committed 49064K, reserved 1091584K
  class space    used 6453K, capacity 6774K, committed 6824K, reserved 1048576K
Event: 19.668 GC heap after
Heap after GC invocations=13 (full 2):
 PSYoungGen      total 147968K, used 12798K [0x00000000e0000000, 0x00000000ece00000, 0x0000000100000000)
  eden space 135168K, 0% used [0x00000000e0000000,0x00000000e0000000,0x00000000e8400000)
  from space 12800K, 99% used [0x00000000e8400000,0x00000000e907f9b0,0x00000000e9080000)
  to   space 16384K, 0% used [0x00000000ebe00000,0x00000000ebe00000,0x00000000ece00000)
 ParOldGen       total 58368K, used 23659K [0x00000000a0000000, 0x00000000a3900000, 0x00000000e0000000)
  object space 58368K, 40% used [0x00000000a0000000,0x00000000a171ac50,0x00000000a3900000)
 Metaspace       used 47890K, capacity 48892K, committed 49064K, reserved 1091584K
  class space    used 6453K, capacity 6774K, committed 6824K, reserved 1048576K
}
Event: 22.710 GC heap before
{Heap before GC invocations=14 (full 2):
 PSYoungGen      total 147968K, used 145182K [0x00000000e0000000, 0x00000000ece00000, 0x0000000100000000)
  eden space 135168K, 97% used [0x00000000e0000000,0x00000000e81481e8,0x00000000e8400000)
  from space 12800K, 99% used [0x00000000e8400000,0x00000000e907f9b0,0x00000000e9080000)
  to   space 16384K, 0% used [0x00000000ebe00000,0x00000000ebe00000,0x00000000ece00000)
 ParOldGen       total 58368K, used 23659K [0x00000000a0000000, 0x00000000a3900000, 0x00000000e0000000)
  object space 58368K, 40% used [0x00000000a0000000,0x00000000a171ac50,0x00000000a3900000)
 Metaspace       used 57608K, capacity 59026K, committed 59160K, reserved 1099776K
  class space    used 7696K, capacity 8129K, committed 8216K, reserved 1048576K
Event: 22.744 GC heap after
Heap after GC invocations=14 (full 2):
 PSYoungGen      total 193024K, used 11788K [0x00000000e0000000, 0x00000000ece80000, 0x0000000100000000)
  eden space 176640K, 0% used [0x00000000e0000000,0x00000000e0000000,0x00000000eac80000)
  from space 16384K, 71% used [0x00000000ebe00000,0x00000000ec983230,0x00000000ece00000)
  to   space 17408K, 0% used [0x00000000eac80000,0x00000000eac80000,0x00000000ebd80000)
 ParOldGen       total 58368K, used 33191K [0x00000000a0000000, 0x00000000a3900000, 0x00000000e0000000)
  object space 58368K, 56% used [0x00000000a0000000,0x00000000a2069c38,0x00000000a3900000)
 Metaspace       used 57608K, capacity 59026K, committed 59160K, reserved 1099776K
  class space    used 7696K, capacity 8129K, committed 8216K, reserved 1048576K
}
Event: 22.744 GC heap before
{Heap before GC invocations=15 (full 3):
 PSYoungGen      total 193024K, used 11788K [0x00000000e0000000, 0x00000000ece80000, 0x0000000100000000)
  eden space 176640K, 0% used [0x00000000e0000000,0x00000000e0000000,0x00000000eac80000)
  from space 16384K, 71% used [0x00000000ebe00000,0x00000000ec983230,0x00000000ece00000)
  to   space 17408K, 0% used [0x00000000eac80000,0x00000000eac80000,0x00000000ebd80000)
 ParOldGen       total 58368K, used 33191K [0x00000000a0000000, 0x00000000a3900000, 0x00000000e0000000)
  object space 58368K, 56% used [0x00000000a0000000,0x00000000a2069c38,0x00000000a3900000)
 Metaspace       used 57608K, capacity 59026K, committed 59160K, reserved 1099776K
  class space    used 7696K, capacity 8129K, committed 8216K, reserved 1048576K
Event: 23.094 GC heap after
Heap after GC invocations=15 (full 3):
 PSYoungGen      total 193024K, used 0K [0x00000000e0000000, 0x00000000ece80000, 0x0000000100000000)
  eden space 176640K, 0% used [0x00000000e0000000,0x00000000e0000000,0x00000000eac80000)
  from space 16384K, 0% used [0x00000000ebe00000,0x00000000ebe00000,0x00000000ece00000)
  to   space 17408K, 0% used [0x00000000eac80000,0x00000000eac80000,0x00000000ebd80000)
 ParOldGen       total 95232K, used 36778K [0x00000000a0000000, 0x00000000a5d00000, 0x00000000e0000000)
  object space 95232K, 38% used [0x00000000a0000000,0x00000000a23eaa60,0x00000000a5d00000)
 Metaspace       used 57585K, capacity 58938K, committed 59160K, reserved 1099776K
  class space    used 7689K, capacity 8121K, committed 8216K, reserved 1048576K
}

